2025-07-24 15:26:08,430 - INFO - Начало обработки TTN 0993812
2025-07-24 15:26:08,436 - INFO - Найдено 38 товаров для обработки
2025-07-24 15:26:08,436 - INFO - [1/38] Обработка: 60825 65809+2 Набор зажимов для обслуживания тормозных цилиндров и суппортов 22пр.; Страна ввоза: Ки...
2025-07-24 15:26:08,443 - INFO - [1/38] Совпадение (90%): 60825 | Продукт: '65809+2' \u2248 Прайс: 'EF-65809+2'
2025-07-24 15:26:08,444 - INFO - [2/38] Обработка: 27033 4458518 Головка ударная глубокая 1/2", 18мм (бгр.); Страна ввоза: Китай; Предпр. изготов.:Кита...
2025-07-24 15:26:08,446 - INFO - [2/38] Совпадение (90%): 27033 | Продукт: '4458518' \u2248 Прайс: 'FK-4458518'
2025-07-24 15:26:08,446 - INFO - [3/38] Обработка: 55053 4458540 Головка ударная глубокая 1/2", 40мм (бгр.); Страна ввоза: Китай; Предпр. изготов.:Кита...
2025-07-24 15:26:08,448 - INFO - [3/38] Совпадение (90%): 55053 | Продукт: '4458540' \u2248 Прайс: 'FK-4458540'
2025-07-24 15:26:08,448 - INFO - [4/38] Обработка: 57402 46510040 Головка ударная глубокая 3/4", 40мм (бгр.); Страна ввоза: Китай; Предпр. изготов.:Кит...
2025-07-24 15:26:08,450 - INFO - [4/38] Совпадение (90%): 57402 | Продукт: '46510040' \u2248 Прайс: 'FK-46510040'
2025-07-24 15:26:08,450 - INFO - [5/38] Обработка: 19643 46510042 Головка ударная глубокая 3/4", 42мм (бгр.); Страна ввоза: Китай; Предпр. изготов.:Кит...
2025-07-24 15:26:08,452 - INFO - [5/38] Совпадение (90%): 19643 | Продукт: '46510042' \u2248 Прайс: 'FK-46510042'
2025-07-24 15:26:08,452 - INFO - [6/38] Обработка: 52474 68-200НВ Щипцы для стопорных колец 200мм (гнутые, на сжим); Страна ввоза: Китай; Предпр. изгот...
2025-07-24 15:26:08,453 - INFO - [6/38] Совпадение (90%): 52474 | Продукт: '68-200НВ' \u2248 Прайс: 'FK-68-200HB'
2025-07-24 15:26:08,453 - INFO - [7/38] Обработка: 1025 1787512 Бита SPLINE M12x75mmL,10mm ; Страна ввоза: Китай; Предпр. изготов.:Китай ШтрихКод: 4811...
2025-07-24 15:26:08,454 - INFO - [7/38] Совпадение (90%): 1025 | Продукт: '1787512' \u2248 Прайс: 'F-1787512'
2025-07-24 15:26:08,455 - INFO - [8/38] Обработка: 49571 Кейс для набора бит 40 пр. F-4401D ; Страна ввоза: Польша; Предпр. изготов.:Китай ШтрихКод: 48...
2025-07-24 15:26:08,456 - INFO - [8/38] Совпадение (90%): 49571 | Продукт: 'Кейс' \u2248 Прайс: 'F-4401D кейс'
2025-07-24 15:26:08,457 - INFO - [9/38] Обработка: 28334 44541 Головка ударная 1/2", 41мм (бгр.); Страна ввоза: Польша; Предпр. изготов.:Китай ШтрихКод...
2025-07-24 15:26:08,458 - INFO - [9/38] Совпадение (90%): 28334 | Продукт: '44541' \u2248 Прайс: 'F-44541'
2025-07-24 15:26:08,458 - INFO - [10/38] Обработка: 3945 4458521ТН Головка ударная тонкостенная 1/2", 21мм (бгр.); Страна ввоза: Китай; Предпр. изготов....
2025-07-24 15:26:08,459 - INFO - [10/38] Совпадение (90%): 3945 | Продукт: '4458521ТН' \u2248 Прайс: 'F-4458521TH'
2025-07-24 15:26:08,459 - INFO - [11/38] Обработка: 6316 46510027 Головка ударная глубокая 3/4", 27мм (бгр.); Страна ввоза: Китай; Предпр. изготов.:Кита...
2025-07-24 15:26:08,461 - INFO - [11/38] Совпадение (90%): 6316 | Продукт: '46510027' \u2248 Прайс: 'F-46510027'
2025-07-24 15:26:08,461 - INFO - [12/38] Обработка: 50770 50814Р4 Утконосы мини 6.5" (160мм); Страна ввоза: Китай; Предпр. изготов.:Китай ШтрихКод: 4811...
2025-07-24 15:26:08,464 - INFO - [12/38] Совпадение (75%): 50770 | Продукт: '50814Р4' \u2248 Прайс: 'F-50814P4(6,5")'
2025-07-24 15:26:08,464 - INFO - [13/38] Обработка: 9030 5255007 Головка глубокая 1/4", 7мм (бгр.); Страна ввоза: Польша; Предпр. изготов.:Китай ШтрихКо...
2025-07-24 15:26:08,466 - WARNING - [13/38] Нет совпадения для: 9030 5255007
2025-07-24 15:26:08,466 - INFO - [14/38] Обработка: 9033 5255010 Головка глубокая 1/4", 10мм (бгр.); Страна ввоза: Польша; Предпр. изготов.:Китай ШтрихК...
2025-07-24 15:26:08,468 - INFO - [14/38] Совпадение (90%): 9033 | Продукт: '5255010' \u2248 Прайс: 'F-5255010'
2025-07-24 15:26:08,468 - INFO - [15/38] Обработка: 9795 5457710 Головка глубокая 1/2", 10мм (бгр.); Страна ввоза: Китай; Предпр. изготов.:Китай ШтрихКо...
2025-07-24 15:26:08,471 - INFO - [15/38] Совпадение (90%): 9795 | Продукт: '5457710' \u2248 Прайс: 'F-5457710'
2025-07-24 15:26:08,471 - INFO - [16/38] Обработка: 9797 5457712 Головка глубокая 1/2", 12мм (бгр.); Страна ввоза: Китай; Предпр. изготов.:Китай ШтрихКо...
2025-07-24 15:26:08,473 - INFO - [16/38] Совпадение (90%): 9797 | Продукт: '5457712' \u2248 Прайс: 'F-5457712'
2025-07-24 15:26:08,473 - INFO - [17/38] Обработка: 6672 5457716 Головка глубокая 1/2", 16мм (бгр.); Страна ввоза: Китай; Предпр. изготов.:Тайвань Штрих...
2025-07-24 15:26:08,475 - INFO - [17/38] Совпадение (90%): 6672 | Продукт: '5457716' \u2248 Прайс: 'F-5457716'
2025-07-24 15:26:08,475 - INFO - [18/38] Обработка: 9800 5457721 Головка глубокая 1/2", 21мм (бгр.); Страна ввоза: Китай; Предпр. изготов.:Китай ШтрихКо...
2025-07-24 15:26:08,476 - WARNING - [18/38] Нет совпадения для: 9800 5457721
2025-07-24 15:26:08,476 - INFO - [19/38] Обработка: 9082 5457722 Головка глубокая 1/2", 22мм (бгр.); Страна ввоза: Китай; Предпр. изготов.:Китай ШтрихКо...
2025-07-24 15:26:08,478 - INFO - [19/38] Совпадение (90%): 9082 | Продукт: '5457722' \u2248 Прайс: 'F-5457722'
2025-07-24 15:26:08,478 - INFO - [20/38] Обработка: 3622 54922 Головка 1/2", 22мм (12гр.); Страна ввоза: Китай; Предпр. изготов.:Китай ШтрихКод: 4631140...
2025-07-24 15:26:08,479 - INFO - [20/38] Совпадение (90%): 3622 | Продукт: '54922' \u2248 Прайс: 'F-54922'
2025-07-24 15:26:08,480 - INFO - [21/38] Обработка: 3957 56950 Головка 50мм, 3/4" 12гр.; Страна ввоза: Тайвань; Предпр. изготов.:Тайвань ШтрихКод: 48114...
2025-07-24 15:26:08,481 - INFO - [21/38] Совпадение (90%): 3957 | Продукт: '56950' \u2248 Прайс: 'F-56950'
2025-07-24 15:26:08,481 - INFO - [22/38] Обработка: 51926 610150 Утконосы комбинированные 150мм ; Страна ввоза: Китай; Предпр. изготов.:Китай ШтрихКод: ...
2025-07-24 15:26:08,484 - INFO - [22/38] Совпадение (90%): 51926 | Продукт: '610150' \u2248 Прайс: 'F-610150'
2025-07-24 15:26:08,484 - INFO - [23/38] Обработка: 9104 75510 Ключ комбинированный 10мм ; Страна ввоза: Индия; Предпр. изготов.:Индия ШтрихКод: 4811450...
2025-07-24 15:26:08,487 - INFO - [23/38] Совпадение (90%): 9104 | Продукт: '75510' \u2248 Прайс: 'F-75510'
2025-07-24 15:26:08,487 - INFO - [24/38] Обработка: 9107 75513 Ключ комбинированный 13мм ; Страна ввоза: Индия; Предпр. изготов.:Индия ШтрихКод: 4811450...
2025-07-24 15:26:08,489 - INFO - [24/38] Совпадение (90%): 9107 | Продукт: '75513' \u2248 Прайс: 'F-75513'
2025-07-24 15:26:08,490 - INFO - [25/38] Обработка: 9116 75522 Ключ комбинированный 22мм ; Страна ввоза: Индия; Предпр. изготов.:Индия ШтрихКод: 4811450...
2025-07-24 15:26:08,492 - INFO - [25/38] Совпадение (90%): 9116 | Продукт: '75522' \u2248 Прайс: 'F-75522'
2025-07-24 15:26:08,492 - INFO - [26/38] Обработка: 51751 907G10 Муфты пластмассовые для соединения трубок топливной системы и системы кондициониров, на...
2025-07-24 15:26:08,495 - INFO - [26/38] Совпадение (90%): 51751 | Продукт: '907G10' \u2248 Прайс: 'F-907G10'
2025-07-24 15:26:08,495 - INFO - [27/38] Обработка: 58631 9М0101 Клещи для снятия клипс ; Страна ввоза: Польша; Предпр. изготов.:Китай ШтрихКод: 4811450...
2025-07-24 15:26:08,497 - WARNING - [27/38] Нет совпадения для: 58631 9М0101
2025-07-24 15:26:08,497 - INFO - [28/38] Обработка: 48946 BD115B Круг абразивный обдирочный 115мм (синий); Страна ввоза: Китай; Сертификат:ЕАЭС № BY/112...
2025-07-24 15:26:08,499 - INFO - [28/38] Совпадение (90%): 48946 | Продукт: 'BD115B' \u2248 Прайс: 'F-BD115B'
2025-07-24 15:26:08,499 - INFO - [29/38] Обработка: 19767 BD115D Круг абразивный обдирочный 115мм (черный); Страна ввоза: Китай; Сертификат:ЕАЭС № BY/11...
2025-07-24 15:26:08,500 - INFO - [29/38] Совпадение (90%): 19767 | Продукт: 'BD115D' \u2248 Прайс: 'F-BD115D'
2025-07-24 15:26:08,501 - INFO - [30/38] Обработка: 48949 BD115Р Круг абразивный обдирочный 115мм (фиолетовый); Страна ввоза: Китай; Сертификат:ЕАЭС № B...
2025-07-24 15:26:08,503 - INFO - [30/38] Совпадение (90%): 48949 | Продукт: 'BD115Р' \u2248 Прайс: 'F-BD115P'
2025-07-24 15:26:08,503 - INFO - [31/38] Обработка: 48950 BD125B Круг абразивный обдирочный 125мм (синий) ; Страна ввоза: Китай; Сертификат^АЭС № BY/112...
2025-07-24 15:26:08,506 - INFO - [31/38] Совпадение (90%): 48950 | Продукт: 'BD125B' \u2248 Прайс: 'F-BD125B'
2025-07-24 15:26:08,506 - INFO - [32/38] Обработка: 19769 BD125D Круг абразивный обдирочный 125мм (черный); Страна ввоза: Китай; Сертификат:ЕАЭС № BY/11...
2025-07-24 15:26:08,508 - INFO - [32/38] Совпадение (90%): 19769 | Продукт: 'BD125D' \u2248 Прайс: 'F-BD125D'
2025-07-24 15:26:08,509 - INFO - [33/38] Обработка: 48953 BD125P Круг абразивный обдирочный 125мм (фиолетовый); Страна ввоза: Китай; Сертификат:ЕАЭС Na ...
2025-07-24 15:26:08,511 - WARNING - [33/38] Нет совпадения для: 48953 BD125P
2025-07-24 15:26:08,511 - INFO - [34/38] Обработка: 6739 BSE1-2SH Быстроразъем пневматический с клапаном "елочка" 6мм ; Страна ввоза: Китай; Предпр. изг...
2025-07-24 15:26:08,513 - INFO - [34/38] Совпадение (90%): 6739 | Продукт: 'BSE1-2SH' \u2248 Прайс: 'F-BSE1-2SH'
2025-07-24 15:26:08,513 - INFO - [35/38] Обработка: 6740 BSE1-3SH Быстроразъем пневматический с клапаном "елочка" 8мм ; Страна ввоза: Китай; Предпр. изг...
2025-07-24 15:26:08,516 - INFO - [35/38] Совпадение (90%): 6740 | Продукт: 'BSE1-3SH' \u2248 Прайс: 'F-BSE1-3SH'
2025-07-24 15:26:08,516 - INFO - [36/38] Обработка: 547 BSE2-3PH Штуцер пневматический для быстроразъема "елочка" 8мм ; Страна ввоза: Китай; Предпр. изг...
2025-07-24 15:26:08,518 - INFO - [36/38] Совпадение (90%): 547 | Продукт: 'BSE2-3PH' \u2248 Прайс: 'F-BSE2-3PH'
2025-07-24 15:26:08,518 - INFO - [37/38] Обработка: 555 BSE2-4PH Штуцер пневматический для быстроразъема "елочка" 10мм ; Страна ввоза: Китай; Предпр. из...
2025-07-24 15:26:08,519 - INFO - [37/38] Совпадение (90%): 555 | Продукт: 'BSE2-4PH' \u2248 Прайс: 'F-BSE2-4PH'
2025-07-24 15:26:08,520 - INFO - [38/38] Обработка: 545 BSE2-4PM Штуцер пневматический для быстроразъема с наружной резьбой 1/2"; Страна ввоза: Китай; П...
2025-07-24 15:26:08,521 - INFO - [38/38] Совпадение (90%): 545 | Продукт: 'BSE2-4PM' \u2248 Прайс: 'F-BSE2-4PM'
2025-07-24 15:26:08,529 - INFO - Обработка TTN 0993812 завершена
2025-07-24 15:44:56 - INFO - РќР°С‡Р°Р»Рѕ РѕР±СЂР°Р±РѕС‚РєРё TTN 0993812
2025-07-24 15:44:56 - INFO - РќР°Р№РґРµРЅРѕ 38 С‚РѕРІР°СЂРѕРІ РґР»СЏ РѕР±СЂР°Р±РѕС‚РєРё
2025-07-24 15:44:56 - INFO - [1/38] РћР±СЂР°Р±РѕС‚РєР°: 60825 65809+2 РќР°Р±РѕСЂ Р·Р°Р¶РёРјРѕРІ РґР»СЏ РѕР±СЃР»СѓР¶РёРІР°РЅРёСЏ С‚РѕСЂРјРѕР·РЅС‹С… С†РёР»РёРЅРґСЂРѕРІ Рё СЃСѓРїРїРѕСЂС‚РѕРІ 22РїСЂ.; РЎС‚СЂР°РЅР° РІРІРѕР·Р°: РљРё...
2025-07-24 15:44:56 - INFO - [1/38] РЎРѕРІРїР°РґРµРЅРёРµ (90%): 60825 | РџСЂРѕРґСѓРєС‚: '65809+2' в‰€ РџСЂР°Р№СЃ: 'EF-65809+2'
2025-07-24 15:44:56 - INFO - [2/38] РћР±СЂР°Р±РѕС‚РєР°: 27033 4458518 Р“РѕР»РѕРІРєР° СѓРґР°СЂРЅР°СЏ РіР»СѓР±РѕРєР°СЏ 1/2", 18РјРј (Р±РіСЂ.); РЎС‚СЂР°РЅР° РІРІРѕР·Р°: РљРёС‚Р°Р№; РџСЂРµРґРїСЂ. РёР·РіРѕС‚РѕРІ.:РљРёС‚Р°...
2025-07-24 15:44:56 - INFO - [2/38] РЎРѕРІРїР°РґРµРЅРёРµ (90%): 27033 | РџСЂРѕРґСѓРєС‚: '4458518' в‰€ РџСЂР°Р№СЃ: 'FK-4458518'
2025-07-24 15:44:56 - INFO - [3/38] РћР±СЂР°Р±РѕС‚РєР°: 55053 4458540 Р“РѕР»РѕРІРєР° СѓРґР°СЂРЅР°СЏ РіР»СѓР±РѕРєР°СЏ 1/2", 40РјРј (Р±РіСЂ.); РЎС‚СЂР°РЅР° РІРІРѕР·Р°: РљРёС‚Р°Р№; РџСЂРµРґРїСЂ. РёР·РіРѕС‚РѕРІ.:РљРёС‚Р°...
2025-07-24 15:44:56 - INFO - [3/38] РЎРѕРІРїР°РґРµРЅРёРµ (90%): 55053 | РџСЂРѕРґСѓРєС‚: '4458540' в‰€ РџСЂР°Р№СЃ: 'FK-4458540'
2025-07-24 15:44:56 - INFO - [4/38] РћР±СЂР°Р±РѕС‚РєР°: 57402 46510040 Р“РѕР»РѕРІРєР° СѓРґР°СЂРЅР°СЏ РіР»СѓР±РѕРєР°СЏ 3/4", 40РјРј (Р±РіСЂ.); РЎС‚СЂР°РЅР° РІРІРѕР·Р°: РљРёС‚Р°Р№; РџСЂРµРґРїСЂ. РёР·РіРѕС‚РѕРІ.:РљРёС‚...
2025-07-24 15:44:56 - INFO - [4/38] РЎРѕРІРїР°РґРµРЅРёРµ (90%): 57402 | РџСЂРѕРґСѓРєС‚: '46510040' в‰€ РџСЂР°Р№СЃ: 'FK-46510040'
2025-07-24 15:44:56 - INFO - [5/38] РћР±СЂР°Р±РѕС‚РєР°: 19643 46510042 Р“РѕР»РѕРІРєР° СѓРґР°СЂРЅР°СЏ РіР»СѓР±РѕРєР°СЏ 3/4", 42РјРј (Р±РіСЂ.); РЎС‚СЂР°РЅР° РІРІРѕР·Р°: РљРёС‚Р°Р№; РџСЂРµРґРїСЂ. РёР·РіРѕС‚РѕРІ.:РљРёС‚...
2025-07-24 15:44:56 - INFO - [5/38] РЎРѕРІРїР°РґРµРЅРёРµ (90%): 19643 | РџСЂРѕРґСѓРєС‚: '46510042' в‰€ РџСЂР°Р№СЃ: 'FK-46510042'
2025-07-24 15:44:56 - INFO - [6/38] РћР±СЂР°Р±РѕС‚РєР°: 52474 68-200РќР’ Р©РёРїС†С‹ РґР»СЏ СЃС‚РѕРїРѕСЂРЅС‹С… РєРѕР»РµС† 200РјРј (РіРЅСѓС‚С‹Рµ, РЅР° СЃР¶РёРј); РЎС‚СЂР°РЅР° РІРІРѕР·Р°: РљРёС‚Р°Р№; РџСЂРµРґРїСЂ. РёР·РіРѕС‚...
2025-07-24 15:44:56 - INFO - [6/38] РЎРѕРІРїР°РґРµРЅРёРµ (90%): 52474 | РџСЂРѕРґСѓРєС‚: '68-200РќР’' в‰€ РџСЂР°Р№СЃ: 'FK-68-200HB'
2025-07-24 15:44:56 - INFO - [7/38] РћР±СЂР°Р±РѕС‚РєР°: 1025 1787512 Р‘РёС‚Р° SPLINE M12x75mmL,10mm ; РЎС‚СЂР°РЅР° РІРІРѕР·Р°: РљРёС‚Р°Р№; РџСЂРµРґРїСЂ. РёР·РіРѕС‚РѕРІ.:РљРёС‚Р°Р№ РЁС‚СЂРёС…РљРѕРґ: 4811...
2025-07-24 15:44:56 - INFO - [7/38] РЎРѕРІРїР°РґРµРЅРёРµ (90%): 1025 | РџСЂРѕРґСѓРєС‚: '1787512' в‰€ РџСЂР°Р№СЃ: 'F-1787512'
2025-07-24 15:44:56 - INFO - [8/38] РћР±СЂР°Р±РѕС‚РєР°: 49571 РљРµР№СЃ РґР»СЏ РЅР°Р±РѕСЂР° Р±РёС‚ 40 РїСЂ. F-4401D ; РЎС‚СЂР°РЅР° РІРІРѕР·Р°: РџРѕР»СЊС€Р°; РџСЂРµРґРїСЂ. РёР·РіРѕС‚РѕРІ.:РљРёС‚Р°Р№ РЁС‚СЂРёС…РљРѕРґ: 48...
2025-07-24 15:44:56 - INFO - [8/38] РЎРѕРІРїР°РґРµРЅРёРµ (90%): 49571 | РџСЂРѕРґСѓРєС‚: 'РљРµР№СЃ' в‰€ РџСЂР°Р№СЃ: 'F-4401D РєРµР№СЃ'
2025-07-24 15:44:56 - INFO - [9/38] РћР±СЂР°Р±РѕС‚РєР°: 28334 44541 Р“РѕР»РѕРІРєР° СѓРґР°СЂРЅР°СЏ 1/2", 41РјРј (Р±РіСЂ.); РЎС‚СЂР°РЅР° РІРІРѕР·Р°: РџРѕР»СЊС€Р°; РџСЂРµРґРїСЂ. РёР·РіРѕС‚РѕРІ.:РљРёС‚Р°Р№ РЁС‚СЂРёС…РљРѕРґ...
2025-07-24 15:44:56 - INFO - [9/38] РЎРѕРІРїР°РґРµРЅРёРµ (90%): 28334 | РџСЂРѕРґСѓРєС‚: '44541' в‰€ РџСЂР°Р№СЃ: 'F-44541'
2025-07-24 15:44:56 - INFO - [10/38] РћР±СЂР°Р±РѕС‚РєР°: 3945 4458521РўРќ Р“РѕР»РѕРІРєР° СѓРґР°СЂРЅР°СЏ С‚РѕРЅРєРѕСЃС‚РµРЅРЅР°СЏ 1/2", 21РјРј (Р±РіСЂ.); РЎС‚СЂР°РЅР° РІРІРѕР·Р°: РљРёС‚Р°Р№; РџСЂРµРґРїСЂ. РёР·РіРѕС‚РѕРІ....
2025-07-24 15:44:56 - INFO - [10/38] РЎРѕРІРїР°РґРµРЅРёРµ (90%): 3945 | РџСЂРѕРґСѓРєС‚: '4458521РўРќ' в‰€ РџСЂР°Р№СЃ: 'F-4458521TH'
2025-07-24 15:44:56 - INFO - [11/38] РћР±СЂР°Р±РѕС‚РєР°: 6316 46510027 Р“РѕР»РѕРІРєР° СѓРґР°СЂРЅР°СЏ РіР»СѓР±РѕРєР°СЏ 3/4", 27РјРј (Р±РіСЂ.); РЎС‚СЂР°РЅР° РІРІРѕР·Р°: РљРёС‚Р°Р№; РџСЂРµРґРїСЂ. РёР·РіРѕС‚РѕРІ.:РљРёС‚Р°...
2025-07-24 15:44:56 - INFO - [11/38] РЎРѕРІРїР°РґРµРЅРёРµ (90%): 6316 | РџСЂРѕРґСѓРєС‚: '46510027' в‰€ РџСЂР°Р№СЃ: 'F-46510027'
2025-07-24 15:44:56 - INFO - [12/38] РћР±СЂР°Р±РѕС‚РєР°: 50770 50814Р 4 РЈС‚РєРѕРЅРѕСЃС‹ РјРёРЅРё 6.5" (160РјРј); РЎС‚СЂР°РЅР° РІРІРѕР·Р°: РљРёС‚Р°Р№; РџСЂРµРґРїСЂ. РёР·РіРѕС‚РѕРІ.:РљРёС‚Р°Р№ РЁС‚СЂРёС…РљРѕРґ: 4811...
2025-07-24 15:44:56 - INFO - [12/38] РЎРѕРІРїР°РґРµРЅРёРµ (75%): 50770 | РџСЂРѕРґСѓРєС‚: '50814Р 4' в‰€ РџСЂР°Р№СЃ: 'F-50814P4(6,5")'
2025-07-24 15:44:56 - INFO - [13/38] РћР±СЂР°Р±РѕС‚РєР°: 9030 5255007 Р“РѕР»РѕРІРєР° РіР»СѓР±РѕРєР°СЏ 1/4", 7РјРј (Р±РіСЂ.); РЎС‚СЂР°РЅР° РІРІРѕР·Р°: РџРѕР»СЊС€Р°; РџСЂРµРґРїСЂ. РёР·РіРѕС‚РѕРІ.:РљРёС‚Р°Р№ РЁС‚СЂРёС…РљРѕ...
2025-07-24 15:44:56 - WARNING - [13/38] РќРµС‚ СЃРѕРІРїР°РґРµРЅРёСЏ РґР»СЏ: 9030 5255007
2025-07-24 15:44:56 - INFO - [14/38] РћР±СЂР°Р±РѕС‚РєР°: 9033 5255010 Р“РѕР»РѕРІРєР° РіР»СѓР±РѕРєР°СЏ 1/4", 10РјРј (Р±РіСЂ.); РЎС‚СЂР°РЅР° РІРІРѕР·Р°: РџРѕР»СЊС€Р°; РџСЂРµРґРїСЂ. РёР·РіРѕС‚РѕРІ.:РљРёС‚Р°Р№ РЁС‚СЂРёС…Рљ...
2025-07-24 15:44:56 - INFO - [14/38] РЎРѕРІРїР°РґРµРЅРёРµ (90%): 9033 | РџСЂРѕРґСѓРєС‚: '5255010' в‰€ РџСЂР°Р№СЃ: 'F-5255010'
2025-07-24 15:44:56 - INFO - [15/38] РћР±СЂР°Р±РѕС‚РєР°: 9795 5457710 Р“РѕР»РѕРІРєР° РіР»СѓР±РѕРєР°СЏ 1/2", 10РјРј (Р±РіСЂ.); РЎС‚СЂР°РЅР° РІРІРѕР·Р°: РљРёС‚Р°Р№; РџСЂРµРґРїСЂ. РёР·РіРѕС‚РѕРІ.:РљРёС‚Р°Р№ РЁС‚СЂРёС…РљРѕ...
2025-07-24 15:44:56 - INFO - [15/38] РЎРѕРІРїР°РґРµРЅРёРµ (90%): 9795 | РџСЂРѕРґСѓРєС‚: '5457710' в‰€ РџСЂР°Р№СЃ: 'F-5457710'
2025-07-24 15:44:56 - INFO - [16/38] РћР±СЂР°Р±РѕС‚РєР°: 9797 5457712 Р“РѕР»РѕРІРєР° РіР»СѓР±РѕРєР°СЏ 1/2", 12РјРј (Р±РіСЂ.); РЎС‚СЂР°РЅР° РІРІРѕР·Р°: РљРёС‚Р°Р№; РџСЂРµРґРїСЂ. РёР·РіРѕС‚РѕРІ.:РљРёС‚Р°Р№ РЁС‚СЂРёС…РљРѕ...
2025-07-24 15:44:56 - INFO - [16/38] РЎРѕРІРїР°РґРµРЅРёРµ (90%): 9797 | РџСЂРѕРґСѓРєС‚: '5457712' в‰€ РџСЂР°Р№СЃ: 'F-5457712'
2025-07-24 15:44:56 - INFO - [17/38] РћР±СЂР°Р±РѕС‚РєР°: 6672 5457716 Р“РѕР»РѕРІРєР° РіР»СѓР±РѕРєР°СЏ 1/2", 16РјРј (Р±РіСЂ.); РЎС‚СЂР°РЅР° РІРІРѕР·Р°: РљРёС‚Р°Р№; РџСЂРµРґРїСЂ. РёР·РіРѕС‚РѕРІ.:РўР°Р№РІР°РЅСЊ РЁС‚СЂРёС…...
2025-07-24 15:44:56 - INFO - [17/38] РЎРѕРІРїР°РґРµРЅРёРµ (90%): 6672 | РџСЂРѕРґСѓРєС‚: '5457716' в‰€ РџСЂР°Р№СЃ: 'F-5457716'
2025-07-24 15:44:56 - INFO - [18/38] РћР±СЂР°Р±РѕС‚РєР°: 9800 5457721 Р“РѕР»РѕРІРєР° РіР»СѓР±РѕРєР°СЏ 1/2", 21РјРј (Р±РіСЂ.); РЎС‚СЂР°РЅР° РІРІРѕР·Р°: РљРёС‚Р°Р№; РџСЂРµРґРїСЂ. РёР·РіРѕС‚РѕРІ.:РљРёС‚Р°Р№ РЁС‚СЂРёС…РљРѕ...
2025-07-24 15:44:56 - WARNING - [18/38] РќРµС‚ СЃРѕРІРїР°РґРµРЅРёСЏ РґР»СЏ: 9800 5457721
2025-07-24 15:44:56 - INFO - [19/38] РћР±СЂР°Р±РѕС‚РєР°: 9082 5457722 Р“РѕР»РѕРІРєР° РіР»СѓР±РѕРєР°СЏ 1/2", 22РјРј (Р±РіСЂ.); РЎС‚СЂР°РЅР° РІРІРѕР·Р°: РљРёС‚Р°Р№; РџСЂРµРґРїСЂ. РёР·РіРѕС‚РѕРІ.:РљРёС‚Р°Р№ РЁС‚СЂРёС…РљРѕ...
2025-07-24 15:44:56 - INFO - [19/38] РЎРѕРІРїР°РґРµРЅРёРµ (90%): 9082 | РџСЂРѕРґСѓРєС‚: '5457722' в‰€ РџСЂР°Р№СЃ: 'F-5457722'
2025-07-24 15:44:56 - INFO - [20/38] РћР±СЂР°Р±РѕС‚РєР°: 3622 54922 Р“РѕР»РѕРІРєР° 1/2", 22РјРј (12РіСЂ.); РЎС‚СЂР°РЅР° РІРІРѕР·Р°: РљРёС‚Р°Р№; РџСЂРµРґРїСЂ. РёР·РіРѕС‚РѕРІ.:РљРёС‚Р°Р№ РЁС‚СЂРёС…РљРѕРґ: 4631140...
2025-07-24 15:44:56 - INFO - [20/38] РЎРѕРІРїР°РґРµРЅРёРµ (90%): 3622 | РџСЂРѕРґСѓРєС‚: '54922' в‰€ РџСЂР°Р№СЃ: 'F-54922'
2025-07-24 15:44:56 - INFO - [21/38] РћР±СЂР°Р±РѕС‚РєР°: 3957 56950 Р“РѕР»РѕРІРєР° 50РјРј, 3/4" 12РіСЂ.; РЎС‚СЂР°РЅР° РІРІРѕР·Р°: РўР°Р№РІР°РЅСЊ; РџСЂРµРґРїСЂ. РёР·РіРѕС‚РѕРІ.:РўР°Р№РІР°РЅСЊ РЁС‚СЂРёС…РљРѕРґ: 48114...
2025-07-24 15:44:56 - INFO - [21/38] РЎРѕРІРїР°РґРµРЅРёРµ (90%): 3957 | РџСЂРѕРґСѓРєС‚: '56950' в‰€ РџСЂР°Р№СЃ: 'F-56950'
2025-07-24 15:44:56 - INFO - [22/38] РћР±СЂР°Р±РѕС‚РєР°: 51926 610150 РЈС‚РєРѕРЅРѕСЃС‹ РєРѕРјР±РёРЅРёСЂРѕРІР°РЅРЅС‹Рµ 150РјРј ; РЎС‚СЂР°РЅР° РІРІРѕР·Р°: РљРёС‚Р°Р№; РџСЂРµРґРїСЂ. РёР·РіРѕС‚РѕРІ.:РљРёС‚Р°Р№ РЁС‚СЂРёС…РљРѕРґ: ...
2025-07-24 15:44:56 - INFO - [22/38] РЎРѕРІРїР°РґРµРЅРёРµ (90%): 51926 | РџСЂРѕРґСѓРєС‚: '610150' в‰€ РџСЂР°Р№СЃ: 'F-610150'
2025-07-24 15:44:56 - INFO - [23/38] РћР±СЂР°Р±РѕС‚РєР°: 9104 75510 РљР»СЋС‡ РєРѕРјР±РёРЅРёСЂРѕРІР°РЅРЅС‹Р№ 10РјРј ; РЎС‚СЂР°РЅР° РІРІРѕР·Р°: РРЅРґРёСЏ; РџСЂРµРґРїСЂ. РёР·РіРѕС‚РѕРІ.:РРЅРґРёСЏ РЁС‚СЂРёС…РљРѕРґ: 4811450...
2025-07-24 15:44:56 - INFO - [23/38] РЎРѕРІРїР°РґРµРЅРёРµ (90%): 9104 | РџСЂРѕРґСѓРєС‚: '75510' в‰€ РџСЂР°Р№СЃ: 'F-75510'
2025-07-24 15:44:56 - INFO - [24/38] РћР±СЂР°Р±РѕС‚РєР°: 9107 75513 РљР»СЋС‡ РєРѕРјР±РёРЅРёСЂРѕРІР°РЅРЅС‹Р№ 13РјРј ; РЎС‚СЂР°РЅР° РІРІРѕР·Р°: РРЅРґРёСЏ; РџСЂРµРґРїСЂ. РёР·РіРѕС‚РѕРІ.:РРЅРґРёСЏ РЁС‚СЂРёС…РљРѕРґ: 4811450...
2025-07-24 15:44:56 - INFO - [24/38] РЎРѕРІРїР°РґРµРЅРёРµ (90%): 9107 | РџСЂРѕРґСѓРєС‚: '75513' в‰€ РџСЂР°Р№СЃ: 'F-75513'
2025-07-24 15:44:56 - INFO - [25/38] РћР±СЂР°Р±РѕС‚РєР°: 9116 75522 РљР»СЋС‡ РєРѕРјР±РёРЅРёСЂРѕРІР°РЅРЅС‹Р№ 22РјРј ; РЎС‚СЂР°РЅР° РІРІРѕР·Р°: РРЅРґРёСЏ; РџСЂРµРґРїСЂ. РёР·РіРѕС‚РѕРІ.:РРЅРґРёСЏ РЁС‚СЂРёС…РљРѕРґ: 4811450...
2025-07-24 15:44:56 - INFO - [25/38] РЎРѕРІРїР°РґРµРЅРёРµ (90%): 9116 | РџСЂРѕРґСѓРєС‚: '75522' в‰€ РџСЂР°Р№СЃ: 'F-75522'
2025-07-24 15:44:56 - INFO - [26/38] РћР±СЂР°Р±РѕС‚РєР°: 51751 907G10 РњСѓС„С‚С‹ РїР»Р°СЃС‚РјР°СЃСЃРѕРІС‹Рµ РґР»СЏ СЃРѕРµРґРёРЅРµРЅРёСЏ С‚СЂСѓР±РѕРє С‚РѕРїР»РёРІРЅРѕР№ СЃРёСЃС‚РµРјС‹ Рё СЃРёСЃС‚РµРјС‹ РєРѕРЅРґРёС†РёРѕРЅРёСЂРѕРІ, РЅР°...
2025-07-24 15:44:56 - INFO - [26/38] РЎРѕРІРїР°РґРµРЅРёРµ (90%): 51751 | РџСЂРѕРґСѓРєС‚: '907G10' в‰€ РџСЂР°Р№СЃ: 'F-907G10'
2025-07-24 15:44:56 - INFO - [27/38] РћР±СЂР°Р±РѕС‚РєР°: 58631 9Рњ0101 РљР»РµС‰Рё РґР»СЏ СЃРЅСЏС‚РёСЏ РєР»РёРїСЃ ; РЎС‚СЂР°РЅР° РІРІРѕР·Р°: РџРѕР»СЊС€Р°; РџСЂРµРґРїСЂ. РёР·РіРѕС‚РѕРІ.:РљРёС‚Р°Р№ РЁС‚СЂРёС…РљРѕРґ: 4811450...
2025-07-24 15:44:56 - WARNING - [27/38] РќРµС‚ СЃРѕРІРїР°РґРµРЅРёСЏ РґР»СЏ: 58631 9Рњ0101
2025-07-24 15:44:56 - INFO - [28/38] РћР±СЂР°Р±РѕС‚РєР°: 48946 BD115B РљСЂСѓРі Р°Р±СЂР°Р·РёРІРЅС‹Р№ РѕР±РґРёСЂРѕС‡РЅС‹Р№ 115РјРј (СЃРёРЅРёР№); РЎС‚СЂР°РЅР° РІРІРѕР·Р°: РљРёС‚Р°Р№; РЎРµСЂС‚РёС„РёРєР°С‚:Р•РђР­РЎ в„– BY/112...
2025-07-24 15:44:56 - INFO - [28/38] РЎРѕРІРїР°РґРµРЅРёРµ (90%): 48946 | РџСЂРѕРґСѓРєС‚: 'BD115B' в‰€ РџСЂР°Р№СЃ: 'F-BD115B'
2025-07-24 15:44:56 - INFO - [29/38] РћР±СЂР°Р±РѕС‚РєР°: 19767 BD115D РљСЂСѓРі Р°Р±СЂР°Р·РёРІРЅС‹Р№ РѕР±РґРёСЂРѕС‡РЅС‹Р№ 115РјРј (С‡РµСЂРЅС‹Р№); РЎС‚СЂР°РЅР° РІРІРѕР·Р°: РљРёС‚Р°Р№; РЎРµСЂС‚РёС„РёРєР°С‚:Р•РђР­РЎ в„– BY/11...
2025-07-24 15:44:56 - INFO - [29/38] РЎРѕРІРїР°РґРµРЅРёРµ (90%): 19767 | РџСЂРѕРґСѓРєС‚: 'BD115D' в‰€ РџСЂР°Р№СЃ: 'F-BD115D'
2025-07-24 15:44:56 - INFO - [30/38] РћР±СЂР°Р±РѕС‚РєР°: 48949 BD115Р  РљСЂСѓРі Р°Р±СЂР°Р·РёРІРЅС‹Р№ РѕР±РґРёСЂРѕС‡РЅС‹Р№ 115РјРј (С„РёРѕР»РµС‚РѕРІС‹Р№); РЎС‚СЂР°РЅР° РІРІРѕР·Р°: РљРёС‚Р°Р№; РЎРµСЂС‚РёС„РёРєР°С‚:Р•РђР­РЎ в„– B...
2025-07-24 15:44:56 - INFO - [30/38] РЎРѕРІРїР°РґРµРЅРёРµ (90%): 48949 | РџСЂРѕРґСѓРєС‚: 'BD115Р ' в‰€ РџСЂР°Р№СЃ: 'F-BD115P'
2025-07-24 15:44:56 - INFO - [31/38] РћР±СЂР°Р±РѕС‚РєР°: 48950 BD125B РљСЂСѓРі Р°Р±СЂР°Р·РёРІРЅС‹Р№ РѕР±РґРёСЂРѕС‡РЅС‹Р№ 125РјРј (СЃРёРЅРёР№) ; РЎС‚СЂР°РЅР° РІРІРѕР·Р°: РљРёС‚Р°Р№; РЎРµСЂС‚РёС„РёРєР°С‚^РђР­РЎ в„– BY/112...
2025-07-24 15:44:56 - INFO - [31/38] РЎРѕРІРїР°РґРµРЅРёРµ (90%): 48950 | РџСЂРѕРґСѓРєС‚: 'BD125B' в‰€ РџСЂР°Р№СЃ: 'F-BD125B'
2025-07-24 15:44:56 - INFO - [32/38] РћР±СЂР°Р±РѕС‚РєР°: 19769 BD125D РљСЂСѓРі Р°Р±СЂР°Р·РёРІРЅС‹Р№ РѕР±РґРёСЂРѕС‡РЅС‹Р№ 125РјРј (С‡РµСЂРЅС‹Р№); РЎС‚СЂР°РЅР° РІРІРѕР·Р°: РљРёС‚Р°Р№; РЎРµСЂС‚РёС„РёРєР°С‚:Р•РђР­РЎ в„– BY/11...
2025-07-24 15:44:56 - INFO - [32/38] РЎРѕРІРїР°РґРµРЅРёРµ (90%): 19769 | РџСЂРѕРґСѓРєС‚: 'BD125D' в‰€ РџСЂР°Р№СЃ: 'F-BD125D'
2025-07-24 15:44:56 - INFO - [33/38] РћР±СЂР°Р±РѕС‚РєР°: 48953 BD125P РљСЂСѓРі Р°Р±СЂР°Р·РёРІРЅС‹Р№ РѕР±РґРёСЂРѕС‡РЅС‹Р№ 125РјРј (С„РёРѕР»РµС‚РѕРІС‹Р№); РЎС‚СЂР°РЅР° РІРІРѕР·Р°: РљРёС‚Р°Р№; РЎРµСЂС‚РёС„РёРєР°С‚:Р•РђР­РЎ Na ...
2025-07-24 15:44:56 - WARNING - [33/38] РќРµС‚ СЃРѕРІРїР°РґРµРЅРёСЏ РґР»СЏ: 48953 BD125P
2025-07-24 15:44:56 - INFO - [34/38] РћР±СЂР°Р±РѕС‚РєР°: 6739 BSE1-2SH Р‘С‹СЃС‚СЂРѕСЂР°Р·СЉРµРј РїРЅРµРІРјР°С‚РёС‡РµСЃРєРёР№ СЃ РєР»Р°РїР°РЅРѕРј "РµР»РѕС‡РєР°" 6РјРј ; РЎС‚СЂР°РЅР° РІРІРѕР·Р°: РљРёС‚Р°Р№; РџСЂРµРґРїСЂ. РёР·Рі...
2025-07-24 15:44:56 - INFO - [34/38] РЎРѕРІРїР°РґРµРЅРёРµ (90%): 6739 | РџСЂРѕРґСѓРєС‚: 'BSE1-2SH' в‰€ РџСЂР°Р№СЃ: 'F-BSE1-2SH'
2025-07-24 15:44:56 - INFO - [35/38] РћР±СЂР°Р±РѕС‚РєР°: 6740 BSE1-3SH Р‘С‹СЃС‚СЂРѕСЂР°Р·СЉРµРј РїРЅРµРІРјР°С‚РёС‡РµСЃРєРёР№ СЃ РєР»Р°РїР°РЅРѕРј "РµР»РѕС‡РєР°" 8РјРј ; РЎС‚СЂР°РЅР° РІРІРѕР·Р°: РљРёС‚Р°Р№; РџСЂРµРґРїСЂ. РёР·Рі...
2025-07-24 15:44:56 - INFO - [35/38] РЎРѕРІРїР°РґРµРЅРёРµ (90%): 6740 | РџСЂРѕРґСѓРєС‚: 'BSE1-3SH' в‰€ РџСЂР°Р№СЃ: 'F-BSE1-3SH'
2025-07-24 15:44:56 - INFO - [36/38] РћР±СЂР°Р±РѕС‚РєР°: 547 BSE2-3PH РЁС‚СѓС†РµСЂ РїРЅРµРІРјР°С‚РёС‡РµСЃРєРёР№ РґР»СЏ Р±С‹СЃС‚СЂРѕСЂР°Р·СЉРµРјР° "РµР»РѕС‡РєР°" 8РјРј ; РЎС‚СЂР°РЅР° РІРІРѕР·Р°: РљРёС‚Р°Р№; РџСЂРµРґРїСЂ. РёР·Рі...
2025-07-24 15:44:56 - INFO - [36/38] РЎРѕРІРїР°РґРµРЅРёРµ (90%): 547 | РџСЂРѕРґСѓРєС‚: 'BSE2-3PH' в‰€ РџСЂР°Р№СЃ: 'F-BSE2-3PH'
2025-07-24 15:44:56 - INFO - [37/38] РћР±СЂР°Р±РѕС‚РєР°: 555 BSE2-4PH РЁС‚СѓС†РµСЂ РїРЅРµРІРјР°С‚РёС‡РµСЃРєРёР№ РґР»СЏ Р±С‹СЃС‚СЂРѕСЂР°Р·СЉРµРјР° "РµР»РѕС‡РєР°" 10РјРј ; РЎС‚СЂР°РЅР° РІРІРѕР·Р°: РљРёС‚Р°Р№; РџСЂРµРґРїСЂ. РёР·...
2025-07-24 15:44:56 - INFO - [37/38] РЎРѕРІРїР°РґРµРЅРёРµ (90%): 555 | РџСЂРѕРґСѓРєС‚: 'BSE2-4PH' в‰€ РџСЂР°Р№СЃ: 'F-BSE2-4PH'
2025-07-24 15:44:56 - INFO - [38/38] РћР±СЂР°Р±РѕС‚РєР°: 545 BSE2-4PM РЁС‚СѓС†РµСЂ РїРЅРµРІРјР°С‚РёС‡РµСЃРєРёР№ РґР»СЏ Р±С‹СЃС‚СЂРѕСЂР°Р·СЉРµРјР° СЃ РЅР°СЂСѓР¶РЅРѕР№ СЂРµР·СЊР±РѕР№ 1/2"; РЎС‚СЂР°РЅР° РІРІРѕР·Р°: РљРёС‚Р°Р№; Рџ...
2025-07-24 15:44:56 - INFO - [38/38] РЎРѕРІРїР°РґРµРЅРёРµ (90%): 545 | РџСЂРѕРґСѓРєС‚: 'BSE2-4PM' в‰€ РџСЂР°Р№СЃ: 'F-BSE2-4PM'
2025-07-24 15:44:56 - INFO - РћР±СЂР°Р±РѕС‚РєР° TTN 0993812 Р·Р°РІРµСЂС€РµРЅР°
